<?xml version="1.0" encoding="UTF-8"?>
<!-- Generated by org.testng.reporters.JUnitReportReporter -->
<testsuite hostname="DESKTOP-DFFSI3C" failures="0" tests="1" name="docker.testcases.ContainersTest" time="19.304" errors="0" timestamp="25 Jan 2021 11:26:29 GMT" skipped="0">
  <testcase classname="docker.testcases.ContainersTest" name="containers_Exercise" time="19.304"/>
</testsuite> <!-- docker.testcases.ContainersTest -->
