<?xml version="1.0" encoding="UTF-8"?>
<!-- Generated by org.testng.reporters.JUnitReportReporter -->
<testsuite hostname="DESKTOP-IRUDTH2" failures="0" tests="1" name="docker.testcases.Containers" time="18.226" errors="0" timestamp="2021-01-23T18:28:50 IST" skipped="0">
  <testcase classname="docker.testcases.Containers" name="containers_Exercise" time="18.226"/>
  <system-out/>
</testsuite> <!-- docker.testcases.Containers -->
