<?xml version="1.0" encoding="UTF-8"?>
<!-- Generated by org.testng.reporters.JUnitReportReporter -->
<testsuite hostname="DESKTOP-DFFSI3C" failures="0" tests="1" name="docker.testcases.Containers" time="17.118" errors="0" timestamp="2020-12-20T18:57:00 IST" skipped="0">
  <testcase classname="docker.testcases.Containers" name="containers_Exercise" time="17.118"/>
  <system-out/>
</testsuite> <!-- docker.testcases.Containers -->
